<?xml version="1.0" encoding="UTF-8"?>
<!-- Generated by org.testng.reporters.JUnitReportReporter -->
<testsuite skipped="0" hostname="KausikRoy" name="childWindowHandle.calanderHandle" tests="1" failures="0" timestamp="2020-06-05T00:08:47 CDT" time="14.683" errors="0">
  <testcase name="pickCurrentDate" time="14.683" classname="childWindowHandle.calanderHandle"/>
</testsuite> <!-- childWindowHandle.calanderHandle -->
