<?xml version="1.0" encoding="UTF-8"?>
<!-- Generated by org.testng.reporters.JUnitReportReporter -->
<testsuite skipped="0" hostname="KausikRoy" name="childWindowHandle.WindowHandeling" tests="1" failures="0" timestamp="2020-05-26T08:53:13 CDT" time="15.748" errors="0">
  <testcase name="switchingWindow" time="15.748" classname="childWindowHandle.WindowHandeling"/>
</testsuite> <!-- childWindowHandle.WindowHandeling -->
