<?xml version="1.0" encoding="UTF-8"?>
<!-- Generated by org.testng.reporters.JUnitReportReporter -->
<testsuite skipped="0" hostname="KausikRoy" name="childWindowHandle.DropandDrag" tests="1" failures="0" timestamp="2020-06-05T00:08:47 CDT" time="8.017" errors="0">
  <testcase name="dragAndDrop" time="8.017" classname="childWindowHandle.DropandDrag"/>
</testsuite> <!-- childWindowHandle.DropandDrag -->
