<?xml version="1.0" encoding="UTF-8"?>
<!-- Generated by org.testng.reporters.JUnitReportReporter -->
<testsuite skipped="0" hostname="KausikRoy" name="childWindowHandle.Asingment2DropBox" tests="1" failures="0" timestamp="2020-06-05T00:08:47 CDT" time="111.360" errors="0">
  <testcase name="qaAcademyCheckBoxDynamic" time="111.360" classname="childWindowHandle.Asingment2DropBox"/>
</testsuite> <!-- childWindowHandle.Asingment2DropBox -->
