<?xml version="1.0" encoding="UTF-8"?>
<!-- Generated by org.testng.reporters.JUnitReportReporter -->
<testsuite skipped="0" hostname="KausikRoy" name="childWindowHandle.NestedFrameAsignment" tests="1" failures="0" timestamp="2020-06-05T00:23:04 CDT" time="7.747" errors="0">
  <testcase name="asigngment" time="7.747" classname="childWindowHandle.NestedFrameAsignment"/>
</testsuite> <!-- childWindowHandle.NestedFrameAsignment -->
