<?xml version="1.0" encoding="UTF-8"?>
<!-- Generated by org.testng.reporters.JUnitReportReporter -->
<testsuite skipped="0" hostname="KausikRoy" name="childWindowHandle.FrameHandeling" tests="1" failures="0" timestamp="2020-06-05T00:08:47 CDT" time="11.806" errors="0">
  <testcase name="frameSwitching" time="11.806" classname="childWindowHandle.FrameHandeling"/>
</testsuite> <!-- childWindowHandle.FrameHandeling -->
