<?xml version="1.0" encoding="UTF-8"?>
<!-- Generated by org.testng.reporters.JUnitReportReporter -->
<testsuite skipped="0" hostname="KausikRoy" name="practiceActionClass.MypracticeActionClass" tests="1" failures="0" timestamp="2020-06-05T00:08:47 CDT" time="10.938" errors="0">
  <testcase name="myActionDemo" time="10.938" classname="practiceActionClass.MypracticeActionClass"/>
</testsuite> <!-- practiceActionClass.MypracticeActionClass -->
